<?xml version="1.0" encoding="UTF-8"?>
<!-- Generated by org.testng.reporters.JUnitXMLReporter -->
<testsuite ignored="0" hostname="LAPTOP-RQTF7CVE" failures="0" tests="3" name="Test" time="27.835" errors="0" timestamp="2023-03-25T19:55:12 IST">
  <testcase classname="com.TestLayer.TC_001_LoginTest" name="logincheck" time="3.357"/>
  <testcase classname="com.TestLayer.TC_002_AddNewCustomer" name="AddNewCustomer" time="6.212"/>
  <testcase classname="com.TestLayer.TC_003_LogoutTest" name="secondtrial" time="5.257"/>
</testsuite> <!-- Test -->
