<?xml version="1.0" encoding="UTF-8"?>
<testng-results ignored="0" total="3" passed="3" failed="0" skipped="0">
  <reporter-output>
  </reporter-output>
  <suite started-at="2023-03-26T19:38:28 IST" name="Suite" finished-at="2023-03-26T19:38:55 IST" duration-ms="27165">
    <groups>
    </groups>
    <test started-at="2023-03-26T19:38:28 IST" name="Test" finished-at="2023-03-26T19:38:55 IST" duration-ms="27165">
      <class name="com.TestLayer.TC_002_AddNewCustomer">
        <test-method is-config="true" signature="setup(java.lang.String)[pri:0, instance:com.TestLayer.TC_002_AddNewCustomer@2f7298b]" started-at="2023-03-26T19:38:37 IST" name="setup" finished-at="2023-03-26T19:38:40 IST" duration-ms="3249" status="PASS">
          <params>
            <param index="0">
              <value>
                <![CDATA[chrome]]>
              </value>
            </param>
          </params>
          <reporter-output>
          </reporter-output>
        </test-method> <!-- setup -->
        <test-method signature="AddNewCustomer()[pri:0, instance:com.TestLayer.TC_002_AddNewCustomer@2f7298b]" started-at="2023-03-26T19:38:40 IST" name="AddNewCustomer" finished-at="2023-03-26T19:38:45 IST" duration-ms="4901" status="PASS">
          <reporter-output>
          </reporter-output>
        </test-method> <!-- AddNewCustomer -->
        <test-method is-config="true" signature="teardown()[pri:0, instance:com.TestLayer.TC_002_AddNewCustomer@2f7298b]" started-at="2023-03-26T19:38:45 IST" name="teardown" finished-at="2023-03-26T19:38:45 IST" duration-ms="280" status="PASS">
          <reporter-output>
          </reporter-output>
        </test-method> <!-- teardown -->
      </class> <!-- com.TestLayer.TC_002_AddNewCustomer -->
      <class name="com.TestLayer.TC_001_LoginTest">
        <test-method is-config="true" signature="setup(java.lang.String)[pri:0, instance:com.TestLayer.TC_001_LoginTest@708f5957]" started-at="2023-03-26T19:38:28 IST" name="setup" finished-at="2023-03-26T19:38:33 IST" duration-ms="5177" status="PASS">
          <params>
            <param index="0">
              <value>
                <![CDATA[chrome]]>
              </value>
            </param>
          </params>
          <reporter-output>
          </reporter-output>
        </test-method> <!-- setup -->
        <test-method signature="logincheck()[pri:0, instance:com.TestLayer.TC_001_LoginTest@708f5957]" started-at="2023-03-26T19:38:33 IST" name="logincheck" finished-at="2023-03-26T19:38:37 IST" duration-ms="3573" status="PASS">
          <reporter-output>
          </reporter-output>
        </test-method> <!-- logincheck -->
        <test-method is-config="true" signature="teardown()[pri:0, instance:com.TestLayer.TC_001_LoginTest@708f5957]" started-at="2023-03-26T19:38:37 IST" name="teardown" finished-at="2023-03-26T19:38:37 IST" duration-ms="276" status="PASS">
          <reporter-output>
          </reporter-output>
        </test-method> <!-- teardown -->
      </class> <!-- com.TestLayer.TC_001_LoginTest -->
      <class name="com.TestLayer.TC_003_LogoutTest">
        <test-method is-config="true" signature="setup(java.lang.String)[pri:0, instance:com.TestLayer.TC_003_LogoutTest@188715b5]" started-at="2023-03-26T19:38:45 IST" name="setup" finished-at="2023-03-26T19:38:49 IST" duration-ms="4069" status="PASS">
          <params>
            <param index="0">
              <value>
                <![CDATA[chrome]]>
              </value>
            </param>
          </params>
          <reporter-output>
          </reporter-output>
        </test-method> <!-- setup -->
        <test-method signature="secondtrial()[pri:0, instance:com.TestLayer.TC_003_LogoutTest@188715b5]" started-at="2023-03-26T19:38:49 IST" name="secondtrial" finished-at="2023-03-26T19:38:55 IST" duration-ms="5381" status="PASS">
          <reporter-output>
          </reporter-output>
        </test-method> <!-- secondtrial -->
        <test-method is-config="true" signature="teardown()[pri:0, instance:com.TestLayer.TC_003_LogoutTest@188715b5]" started-at="2023-03-26T19:38:55 IST" name="teardown" finished-at="2023-03-26T19:38:55 IST" duration-ms="218" status="PASS">
          <reporter-output>
          </reporter-output>
        </test-method> <!-- teardown -->
      </class> <!-- com.TestLayer.TC_003_LogoutTest -->
    </test> <!-- Test -->
  </suite> <!-- Suite -->
</testng-results>
