<?xml version="1.0" encoding="UTF-8"?>
<testng-results ignored="0" total="3" passed="3" failed="0" skipped="0">
  <reporter-output>
  </reporter-output>
  <suite started-at="2023-03-25T19:54:44 IST" name="Suite" finished-at="2023-03-25T19:55:12 IST" duration-ms="27835">
    <groups>
    </groups>
    <test started-at="2023-03-25T19:54:44 IST" name="Test" finished-at="2023-03-25T19:55:12 IST" duration-ms="27835">
      <class name="com.TestLayer.TC_002_AddNewCustomer">
        <test-method is-config="true" signature="setup(java.lang.String)[pri:0, instance:com.TestLayer.TC_002_AddNewCustomer@443118b0]" started-at="2023-03-25T19:54:52 IST" name="setup" finished-at="2023-03-25T19:54:56 IST" duration-ms="3542" status="PASS">
          <params>
            <param index="0">
              <value>
                <![CDATA[chrome]]>
              </value>
            </param>
          </params>
          <reporter-output>
          </reporter-output>
        </test-method> <!-- setup -->
        <test-method signature="AddNewCustomer()[pri:0, instance:com.TestLayer.TC_002_AddNewCustomer@443118b0]" started-at="2023-03-25T19:54:56 IST" name="AddNewCustomer" finished-at="2023-03-25T19:55:02 IST" duration-ms="6212" status="PASS">
          <reporter-output>
          </reporter-output>
        </test-method> <!-- AddNewCustomer -->
        <test-method is-config="true" signature="teardown()[pri:0, instance:com.TestLayer.TC_002_AddNewCustomer@443118b0]" started-at="2023-03-25T19:55:02 IST" name="teardown" finished-at="2023-03-25T19:55:02 IST" duration-ms="254" status="PASS">
          <reporter-output>
          </reporter-output>
        </test-method> <!-- teardown -->
      </class> <!-- com.TestLayer.TC_002_AddNewCustomer -->
      <class name="com.TestLayer.TC_001_LoginTest">
        <test-method is-config="true" signature="setup(java.lang.String)[pri:0, instance:com.TestLayer.TC_001_LoginTest@65fb9ffc]" started-at="2023-03-25T19:54:44 IST" name="setup" finished-at="2023-03-25T19:54:48 IST" duration-ms="4489" status="PASS">
          <params>
            <param index="0">
              <value>
                <![CDATA[chrome]]>
              </value>
            </param>
          </params>
          <reporter-output>
          </reporter-output>
        </test-method> <!-- setup -->
        <test-method signature="logincheck()[pri:0, instance:com.TestLayer.TC_001_LoginTest@65fb9ffc]" started-at="2023-03-25T19:54:48 IST" name="logincheck" finished-at="2023-03-25T19:54:52 IST" duration-ms="3357" status="PASS">
          <reporter-output>
          </reporter-output>
        </test-method> <!-- logincheck -->
        <test-method is-config="true" signature="teardown()[pri:0, instance:com.TestLayer.TC_001_LoginTest@65fb9ffc]" started-at="2023-03-25T19:54:52 IST" name="teardown" finished-at="2023-03-25T19:54:52 IST" duration-ms="269" status="PASS">
          <reporter-output>
          </reporter-output>
        </test-method> <!-- teardown -->
      </class> <!-- com.TestLayer.TC_001_LoginTest -->
      <class name="com.TestLayer.TC_003_LogoutTest">
        <test-method is-config="true" signature="setup(java.lang.String)[pri:0, instance:com.TestLayer.TC_003_LogoutTest@765d7657]" started-at="2023-03-25T19:55:02 IST" name="setup" finished-at="2023-03-25T19:55:06 IST" duration-ms="4092" status="PASS">
          <params>
            <param index="0">
              <value>
                <![CDATA[chrome]]>
              </value>
            </param>
          </params>
          <reporter-output>
          </reporter-output>
        </test-method> <!-- setup -->
        <test-method signature="secondtrial()[pri:0, instance:com.TestLayer.TC_003_LogoutTest@765d7657]" started-at="2023-03-25T19:55:06 IST" name="secondtrial" finished-at="2023-03-25T19:55:11 IST" duration-ms="5257" status="PASS">
          <reporter-output>
          </reporter-output>
        </test-method> <!-- secondtrial -->
        <test-method is-config="true" signature="teardown()[pri:0, instance:com.TestLayer.TC_003_LogoutTest@765d7657]" started-at="2023-03-25T19:55:11 IST" name="teardown" finished-at="2023-03-25T19:55:12 IST" duration-ms="301" status="PASS">
          <reporter-output>
          </reporter-output>
        </test-method> <!-- teardown -->
      </class> <!-- com.TestLayer.TC_003_LogoutTest -->
    </test> <!-- Test -->
  </suite> <!-- Suite -->
</testng-results>
